<?xml version="1.0" encoding="UTF-8"?>
<testng-results skipped="0" failed="0" ignored="0" total="1" passed="1">
  <reporter-output>
  </reporter-output>
  <suite name="Default suite" duration-ms="7815" started-at="2022-07-28T05:25:27 CDT" finished-at="2022-07-28T05:25:34 CDT">
    <groups>
    </groups>
    <test name="Default test" duration-ms="7815" started-at="2022-07-28T05:25:27 CDT" finished-at="2022-07-28T05:25:34 CDT">
      <class name="test.ContactsPageTest">
        <test-method status="PASS" signature="userShouldBeAbleToCreateNewCustomer()[pri:0, instance:test.ContactsPageTest@25084a1e]" name="userShouldBeAbleToCreateNewCustomer" duration-ms="7791" started-at="2022-07-28T05:25:27 CDT" finished-at="2022-07-28T05:25:34 CDT">
          <reporter-output>
          </reporter-output>
        </test-method> <!-- userShouldBeAbleToCreateNewCustomer -->
      </class> <!-- test.ContactsPageTest -->
    </test> <!-- Default test -->
  </suite> <!-- Default suite -->
</testng-results>
